{"C:\\Users\\37060\\Documents\\GitHub\\saltibarsciai\\testo-mokykla\\backend\\models\\Answers.js": {"path":"C:\\Users\\37060\\Documents\\GitHub\\saltibarsciai\\testo-mokykla\\backend\\models\\Answers.js","statementMap":{"0":{"start":{"line":1,"column":0},"end":{"line":26,"column":2}},"1":{"start":{"line":2,"column":17},"end":{"line":20,"column":4}},"2":{"start":{"line":21,"column":2},"end":{"line":23,"column":4}},"3":{"start":{"line":22,"column":4},"end":{"line":22,"column":68}},"4":{"start":{"line":25,"column":2},"end":{"line":25,"column":16}}},"fnMap":{"0":{"name":"(anonymous_0)","decl":{"start":{"line":1,"column":17},"end":{"line":1,"column":18}},"loc":{"start":{"line":1,"column":43},"end":{"line":26,"column":1}},"line":1},"1":{"name":"(anonymous_1)","decl":{"start":{"line":21,"column":21},"end":{"line":21,"column":22}},"loc":{"start":{"line":21,"column":33},"end":{"line":23,"column":3}},"line":21}},"branchMap":{},"s":{"0":2,"1":2,"2":2,"3":2,"4":2},"f":{"0":2,"1":2},"b":{},"_coverageSchema":"1a1c01bbd47fc00a2c39e90264f33305004495a9","hash":"1d1e1e998fefff97bfb5404eb7e8249bc3c4db60"}
,"C:\\Users\\37060\\Documents\\GitHub\\saltibarsciai\\testo-mokykla\\backend\\models\\Categories.js": {"path":"C:\\Users\\37060\\Documents\\GitHub\\saltibarsciai\\testo-mokykla\\backend\\models\\Categories.js","statementMap":{"0":{"start":{"line":1,"column":0},"end":{"line":45,"column":2}},"1":{"start":{"line":2,"column":19},"end":{"line":28,"column":4}},"2":{"start":{"line":30,"column":2},"end":{"line":42,"column":4}},"3":{"start":{"line":31,"column":4},"end":{"line":31,"column":62}},"4":{"start":{"line":32,"column":4},"end":{"line":32,"column":64}},"5":{"start":{"line":34,"column":4},"end":{"line":37,"column":7}},"6":{"start":{"line":38,"column":4},"end":{"line":41,"column":7}},"7":{"start":{"line":44,"column":2},"end":{"line":44,"column":18}}},"fnMap":{"0":{"name":"(anonymous_0)","decl":{"start":{"line":1,"column":17},"end":{"line":1,"column":18}},"loc":{"start":{"line":1,"column":43},"end":{"line":45,"column":1}},"line":1},"1":{"name":"(anonymous_1)","decl":{"start":{"line":30,"column":23},"end":{"line":30,"column":24}},"loc":{"start":{"line":30,"column":35},"end":{"line":42,"column":3}},"line":30}},"branchMap":{},"s":{"0":2,"1":2,"2":2,"3":2,"4":2,"5":2,"6":2,"7":2},"f":{"0":2,"1":2},"b":{},"_coverageSchema":"1a1c01bbd47fc00a2c39e90264f33305004495a9","hash":"0e92585c8eb623e9b4d0759f2e4652dc677c52b0"}
,"C:\\Users\\37060\\Documents\\GitHub\\saltibarsciai\\testo-mokykla\\backend\\models\\Grades.js": {"path":"C:\\Users\\37060\\Documents\\GitHub\\saltibarsciai\\testo-mokykla\\backend\\models\\Grades.js","statementMap":{"0":{"start":{"line":1,"column":0},"end":{"line":28,"column":2}},"1":{"start":{"line":2,"column":16},"end":{"line":20,"column":4}},"2":{"start":{"line":22,"column":2},"end":{"line":25,"column":4}},"3":{"start":{"line":23,"column":4},"end":{"line":23,"column":59}},"4":{"start":{"line":24,"column":4},"end":{"line":24,"column":59}},"5":{"start":{"line":27,"column":2},"end":{"line":27,"column":15}}},"fnMap":{"0":{"name":"(anonymous_0)","decl":{"start":{"line":1,"column":17},"end":{"line":1,"column":18}},"loc":{"start":{"line":1,"column":43},"end":{"line":28,"column":1}},"line":1},"1":{"name":"(anonymous_1)","decl":{"start":{"line":22,"column":20},"end":{"line":22,"column":21}},"loc":{"start":{"line":22,"column":32},"end":{"line":25,"column":3}},"line":22}},"branchMap":{},"s":{"0":2,"1":2,"2":2,"3":2,"4":2,"5":2},"f":{"0":2,"1":2},"b":{},"_coverageSchema":"1a1c01bbd47fc00a2c39e90264f33305004495a9","hash":"4f45b549f83c6846dd38999e2424d0e6408f3c2d"}
,"C:\\Users\\37060\\Documents\\GitHub\\saltibarsciai\\testo-mokykla\\backend\\models\\Groups.js": {"path":"C:\\Users\\37060\\Documents\\GitHub\\saltibarsciai\\testo-mokykla\\backend\\models\\Groups.js","statementMap":{"0":{"start":{"line":1,"column":0},"end":{"line":31,"column":2}},"1":{"start":{"line":2,"column":16},"end":{"line":20,"column":4}},"2":{"start":{"line":22,"column":2},"end":{"line":28,"column":4}},"3":{"start":{"line":23,"column":4},"end":{"line":23,"column":77}},"4":{"start":{"line":24,"column":4},"end":{"line":27,"column":7}},"5":{"start":{"line":30,"column":2},"end":{"line":30,"column":15}}},"fnMap":{"0":{"name":"(anonymous_0)","decl":{"start":{"line":1,"column":17},"end":{"line":1,"column":18}},"loc":{"start":{"line":1,"column":43},"end":{"line":31,"column":1}},"line":1},"1":{"name":"(anonymous_1)","decl":{"start":{"line":22,"column":20},"end":{"line":22,"column":21}},"loc":{"start":{"line":22,"column":32},"end":{"line":28,"column":3}},"line":22}},"branchMap":{},"s":{"0":2,"1":2,"2":2,"3":2,"4":2,"5":2},"f":{"0":2,"1":2},"b":{},"_coverageSchema":"1a1c01bbd47fc00a2c39e90264f33305004495a9","hash":"ad9883e43fba5417d9a57663ae37205c2613de84"}
,"C:\\Users\\37060\\Documents\\GitHub\\saltibarsciai\\testo-mokykla\\backend\\models\\Questions.js": {"path":"C:\\Users\\37060\\Documents\\GitHub\\saltibarsciai\\testo-mokykla\\backend\\models\\Questions.js","statementMap":{"0":{"start":{"line":1,"column":0},"end":{"line":24,"column":2}},"1":{"start":{"line":2,"column":19},"end":{"line":16,"column":4}},"2":{"start":{"line":18,"column":2},"end":{"line":21,"column":4}},"3":{"start":{"line":19,"column":4},"end":{"line":19,"column":62}},"4":{"start":{"line":20,"column":4},"end":{"line":20,"column":66}},"5":{"start":{"line":23,"column":2},"end":{"line":23,"column":18}}},"fnMap":{"0":{"name":"(anonymous_0)","decl":{"start":{"line":1,"column":17},"end":{"line":1,"column":18}},"loc":{"start":{"line":1,"column":43},"end":{"line":24,"column":1}},"line":1},"1":{"name":"(anonymous_1)","decl":{"start":{"line":18,"column":23},"end":{"line":18,"column":24}},"loc":{"start":{"line":18,"column":35},"end":{"line":21,"column":3}},"line":18}},"branchMap":{},"s":{"0":2,"1":2,"2":2,"3":2,"4":2,"5":2},"f":{"0":2,"1":2},"b":{},"_coverageSchema":"1a1c01bbd47fc00a2c39e90264f33305004495a9","hash":"59d10565c6f1c41485ba5286c471a0b986f320c4"}
,"C:\\Users\\37060\\Documents\\GitHub\\saltibarsciai\\testo-mokykla\\backend\\models\\Quizes.js": {"path":"C:\\Users\\37060\\Documents\\GitHub\\saltibarsciai\\testo-mokykla\\backend\\models\\Quizes.js","statementMap":{"0":{"start":{"line":1,"column":0},"end":{"line":24,"column":2}},"1":{"start":{"line":2,"column":15},"end":{"line":16,"column":4}},"2":{"start":{"line":18,"column":2},"end":{"line":21,"column":4}},"3":{"start":{"line":19,"column":4},"end":{"line":19,"column":60}},"4":{"start":{"line":20,"column":4},"end":{"line":20,"column":73}},"5":{"start":{"line":23,"column":2},"end":{"line":23,"column":14}}},"fnMap":{"0":{"name":"(anonymous_0)","decl":{"start":{"line":1,"column":17},"end":{"line":1,"column":18}},"loc":{"start":{"line":1,"column":43},"end":{"line":24,"column":1}},"line":1},"1":{"name":"(anonymous_1)","decl":{"start":{"line":18,"column":19},"end":{"line":18,"column":20}},"loc":{"start":{"line":18,"column":31},"end":{"line":21,"column":3}},"line":18}},"branchMap":{},"s":{"0":2,"1":2,"2":2,"3":2,"4":2,"5":2},"f":{"0":2,"1":2},"b":{},"_coverageSchema":"1a1c01bbd47fc00a2c39e90264f33305004495a9","hash":"8faa258ef54881ef5b9c548f2172b8ca0020b479"}
,"C:\\Users\\37060\\Documents\\GitHub\\saltibarsciai\\testo-mokykla\\backend\\models\\Session.js": {"path":"C:\\Users\\37060\\Documents\\GitHub\\saltibarsciai\\testo-mokykla\\backend\\models\\Session.js","statementMap":{"0":{"start":{"line":1,"column":0},"end":{"line":41,"column":2}},"1":{"start":{"line":2,"column":18},"end":{"line":34,"column":4}},"2":{"start":{"line":36,"column":2},"end":{"line":38,"column":4}},"3":{"start":{"line":37,"column":4},"end":{"line":37,"column":61}},"4":{"start":{"line":40,"column":2},"end":{"line":40,"column":17}}},"fnMap":{"0":{"name":"(anonymous_0)","decl":{"start":{"line":1,"column":17},"end":{"line":1,"column":18}},"loc":{"start":{"line":1,"column":43},"end":{"line":41,"column":1}},"line":1},"1":{"name":"(anonymous_1)","decl":{"start":{"line":36,"column":22},"end":{"line":36,"column":23}},"loc":{"start":{"line":36,"column":34},"end":{"line":38,"column":3}},"line":36}},"branchMap":{},"s":{"0":2,"1":2,"2":2,"3":2,"4":2},"f":{"0":2,"1":2},"b":{},"_coverageSchema":"1a1c01bbd47fc00a2c39e90264f33305004495a9","hash":"8e78b7a3391a9e9cb38a7123a13bea7438377bc6"}
,"C:\\Users\\37060\\Documents\\GitHub\\saltibarsciai\\testo-mokykla\\backend\\models\\UserQuiz.js": {"path":"C:\\Users\\37060\\Documents\\GitHub\\saltibarsciai\\testo-mokykla\\backend\\models\\UserQuiz.js","statementMap":{"0":{"start":{"line":1,"column":0},"end":{"line":24,"column":2}},"1":{"start":{"line":2,"column":19},"end":{"line":16,"column":4}},"2":{"start":{"line":18,"column":2},"end":{"line":21,"column":4}},"3":{"start":{"line":19,"column":4},"end":{"line":19,"column":62}},"4":{"start":{"line":20,"column":4},"end":{"line":20,"column":62}},"5":{"start":{"line":23,"column":2},"end":{"line":23,"column":18}}},"fnMap":{"0":{"name":"(anonymous_0)","decl":{"start":{"line":1,"column":17},"end":{"line":1,"column":18}},"loc":{"start":{"line":1,"column":43},"end":{"line":24,"column":1}},"line":1},"1":{"name":"(anonymous_1)","decl":{"start":{"line":18,"column":23},"end":{"line":18,"column":24}},"loc":{"start":{"line":18,"column":35},"end":{"line":21,"column":3}},"line":18}},"branchMap":{},"s":{"0":2,"1":2,"2":2,"3":2,"4":2,"5":2},"f":{"0":2,"1":2},"b":{},"_coverageSchema":"1a1c01bbd47fc00a2c39e90264f33305004495a9","hash":"0e08f2da05ee5f041765432df24d12f73a97cdf6"}
,"C:\\Users\\37060\\Documents\\GitHub\\saltibarsciai\\testo-mokykla\\backend\\models\\Users.js": {"path":"C:\\Users\\37060\\Documents\\GitHub\\saltibarsciai\\testo-mokykla\\backend\\models\\Users.js","statementMap":{"0":{"start":{"line":1,"column":0},"end":{"line":62,"column":2}},"1":{"start":{"line":2,"column":15},"end":{"line":39,"column":4}},"2":{"start":{"line":41,"column":2},"end":{"line":59,"column":4}},"3":{"start":{"line":42,"column":4},"end":{"line":42,"column":58}},"4":{"start":{"line":43,"column":4},"end":{"line":46,"column":7}},"5":{"start":{"line":47,"column":4},"end":{"line":50,"column":7}},"6":{"start":{"line":51,"column":4},"end":{"line":54,"column":7}},"7":{"start":{"line":55,"column":4},"end":{"line":58,"column":7}},"8":{"start":{"line":61,"column":2},"end":{"line":61,"column":14}}},"fnMap":{"0":{"name":"(anonymous_0)","decl":{"start":{"line":1,"column":17},"end":{"line":1,"column":18}},"loc":{"start":{"line":1,"column":43},"end":{"line":62,"column":1}},"line":1},"1":{"name":"(anonymous_1)","decl":{"start":{"line":41,"column":19},"end":{"line":41,"column":20}},"loc":{"start":{"line":41,"column":31},"end":{"line":59,"column":3}},"line":41}},"branchMap":{},"s":{"0":2,"1":2,"2":2,"3":2,"4":2,"5":2,"6":2,"7":2,"8":2},"f":{"0":2,"1":2},"b":{},"_coverageSchema":"1a1c01bbd47fc00a2c39e90264f33305004495a9","hash":"e8d88e2090d70573fc1b8915a7ef4eb4566b23e0"}
,"C:\\Users\\37060\\Documents\\GitHub\\saltibarsciai\\testo-mokykla\\backend\\models\\index.js": {"path":"C:\\Users\\37060\\Documents\\GitHub\\saltibarsciai\\testo-mokykla\\backend\\models\\index.js","statementMap":{"0":{"start":{"line":3,"column":11},"end":{"line":3,"column":24}},"1":{"start":{"line":4,"column":13},"end":{"line":4,"column":28}},"2":{"start":{"line":5,"column":18},"end":{"line":5,"column":38}},"3":{"start":{"line":6,"column":16},"end":{"line":6,"column":34}},"4":{"start":{"line":7,"column":17},"end":{"line":7,"column":42}},"5":{"start":{"line":8,"column":12},"end":{"line":8,"column":49}},"6":{"start":{"line":9,"column":15},"end":{"line":9,"column":65}},"7":{"start":{"line":10,"column":11},"end":{"line":10,"column":13}},"8":{"start":{"line":13,"column":0},"end":{"line":17,"column":1}},"9":{"start":{"line":14,"column":2},"end":{"line":14,"column":74}},"10":{"start":{"line":16,"column":2},"end":{"line":16,"column":87}},"11":{"start":{"line":19,"column":0},"end":{"line":32,"column":5}},"12":{"start":{"line":22,"column":4},"end":{"line":27,"column":6}},"13":{"start":{"line":30,"column":18},"end":{"line":30,"column":85}},"14":{"start":{"line":31,"column":4},"end":{"line":31,"column":27}},"15":{"start":{"line":34,"column":0},"end":{"line":38,"column":3}},"16":{"start":{"line":35,"column":2},"end":{"line":37,"column":3}},"17":{"start":{"line":36,"column":4},"end":{"line":36,"column":32}},"18":{"start":{"line":40,"column":0},"end":{"line":40,"column":25}},"19":{"start":{"line":41,"column":0},"end":{"line":41,"column":25}},"20":{"start":{"line":43,"column":0},"end":{"line":43,"column":20}}},"fnMap":{"0":{"name":"(anonymous_0)","decl":{"start":{"line":21,"column":10},"end":{"line":21,"column":11}},"loc":{"start":{"line":21,"column":18},"end":{"line":28,"column":3}},"line":21},"1":{"name":"(anonymous_1)","decl":{"start":{"line":29,"column":11},"end":{"line":29,"column":12}},"loc":{"start":{"line":29,"column":19},"end":{"line":32,"column":3}},"line":29},"2":{"name":"(anonymous_2)","decl":{"start":{"line":34,"column":24},"end":{"line":34,"column":25}},"loc":{"start":{"line":34,"column":37},"end":{"line":38,"column":1}},"line":34}},"branchMap":{"0":{"loc":{"start":{"line":8,"column":12},"end":{"line":8,"column":49}},"type":"binary-expr","locations":[{"start":{"line":8,"column":12},"end":{"line":8,"column":32}},{"start":{"line":8,"column":36},"end":{"line":8,"column":49}}],"line":8},"1":{"loc":{"start":{"line":13,"column":0},"end":{"line":17,"column":1}},"type":"if","locations":[{"start":{"line":13,"column":0},"end":{"line":17,"column":1}},{"start":{"line":15,"column":7},"end":{"line":17,"column":1}}],"line":13},"2":{"loc":{"start":{"line":23,"column":6},"end":{"line":26,"column":37}},"type":"binary-expr","locations":[{"start":{"line":23,"column":6},"end":{"line":23,"column":29}},{"start":{"line":24,"column":6},"end":{"line":24,"column":23}},{"start":{"line":25,"column":6},"end":{"line":25,"column":30}},{"start":{"line":26,"column":6},"end":{"line":26,"column":37}}],"line":23},"3":{"loc":{"start":{"line":35,"column":2},"end":{"line":37,"column":3}},"type":"if","locations":[{"start":{"line":35,"column":2},"end":{"line":37,"column":3}},{"start":{},"end":{}}],"line":35}},"s":{"0":2,"1":2,"2":2,"3":2,"4":2,"5":2,"6":2,"7":2,"8":2,"9":0,"10":2,"11":2,"12":20,"13":18,"14":18,"15":2,"16":18,"17":18,"18":2,"19":2,"20":2},"f":{"0":20,"1":18,"2":18},"b":{"0":[2,0],"1":[0,2],"2":[20,20,18,18],"3":[18,0]},"_coverageSchema":"1a1c01bbd47fc00a2c39e90264f33305004495a9","hash":"8be19c8bc463d37d569ec5f482aacffb7cc57385"}
,"C:\\Users\\37060\\Documents\\GitHub\\saltibarsciai\\testo-mokykla\\backend\\routes\\auth.js": {"path":"C:\\Users\\37060\\Documents\\GitHub\\saltibarsciai\\testo-mokykla\\backend\\routes\\auth.js","statementMap":{"0":{"start":{"line":1,"column":16},"end":{"line":1,"column":34}},"1":{"start":{"line":2,"column":15},"end":{"line":2,"column":31}},"2":{"start":{"line":3,"column":12},"end":{"line":3,"column":35}},"3":{"start":{"line":4,"column":15},"end":{"line":4,"column":34}},"4":{"start":{"line":5,"column":26},"end":{"line":5,"column":46}},"5":{"start":{"line":6,"column":15},"end":{"line":6,"column":35}},"6":{"start":{"line":9,"column":22},"end":{"line":11,"column":1}},"7":{"start":{"line":10,"column":2},"end":{"line":10,"column":69}},"8":{"start":{"line":14,"column":0},"end":{"line":43,"column":3}},"9":{"start":{"line":15,"column":2},"end":{"line":42,"column":3}},"10":{"start":{"line":16,"column":55},"end":{"line":16,"column":63}},"11":{"start":{"line":18,"column":25},"end":{"line":22,"column":6}},"12":{"start":{"line":24,"column":4},"end":{"line":28,"column":5}},"13":{"start":{"line":25,"column":6},"end":{"line":27,"column":70}},"14":{"start":{"line":30,"column":27},"end":{"line":30,"column":58}},"15":{"start":{"line":31,"column":20},"end":{"line":36,"column":6}},"16":{"start":{"line":38,"column":4},"end":{"line":38,"column":77}},"17":{"start":{"line":40,"column":4},"end":{"line":40,"column":60}},"18":{"start":{"line":41,"column":4},"end":{"line":41,"column":62}},"19":{"start":{"line":46,"column":0},"end":{"line":89,"column":3}},"20":{"start":{"line":47,"column":2},"end":{"line":88,"column":3}},"21":{"start":{"line":48,"column":35},"end":{"line":48,"column":43}},"22":{"start":{"line":50,"column":17},"end":{"line":50,"column":60}},"23":{"start":{"line":52,"column":4},"end":{"line":56,"column":5}},"24":{"start":{"line":53,"column":6},"end":{"line":55,"column":75}},"25":{"start":{"line":58,"column":26},"end":{"line":58,"column":71}},"26":{"start":{"line":59,"column":4},"end":{"line":63,"column":5}},"27":{"start":{"line":60,"column":6},"end":{"line":62,"column":75}},"28":{"start":{"line":66,"column":18},"end":{"line":66,"column":71}},"29":{"start":{"line":68,"column":4},"end":{"line":80,"column":5}},"30":{"start":{"line":70,"column":6},"end":{"line":74,"column":9}},"31":{"start":{"line":77,"column":6},"end":{"line":77,"column":33}},"32":{"start":{"line":78,"column":6},"end":{"line":78,"column":68}},"33":{"start":{"line":79,"column":6},"end":{"line":79,"column":27}},"34":{"start":{"line":82,"column":18},"end":{"line":82,"column":73}},"35":{"start":{"line":84,"column":4},"end":{"line":84,"column":36}},"36":{"start":{"line":86,"column":4},"end":{"line":86,"column":60}},"37":{"start":{"line":87,"column":4},"end":{"line":87,"column":62}},"38":{"start":{"line":91,"column":0},"end":{"line":91,"column":24}}},"fnMap":{"0":{"name":"(anonymous_0)","decl":{"start":{"line":9,"column":22},"end":{"line":9,"column":23}},"loc":{"start":{"line":9,"column":32},"end":{"line":11,"column":1}},"line":9},"1":{"name":"(anonymous_1)","decl":{"start":{"line":14,"column":25},"end":{"line":14,"column":26}},"loc":{"start":{"line":14,"column":45},"end":{"line":43,"column":1}},"line":14},"2":{"name":"(anonymous_2)","decl":{"start":{"line":46,"column":22},"end":{"line":46,"column":23}},"loc":{"start":{"line":46,"column":42},"end":{"line":89,"column":1}},"line":46}},"branchMap":{"0":{"loc":{"start":{"line":24,"column":4},"end":{"line":28,"column":5}},"type":"if","locations":[{"start":{"line":24,"column":4},"end":{"line":28,"column":5}},{"start":{},"end":{}}],"line":24},"1":{"loc":{"start":{"line":52,"column":4},"end":{"line":56,"column":5}},"type":"if","locations":[{"start":{"line":52,"column":4},"end":{"line":56,"column":5}},{"start":{},"end":{}}],"line":52},"2":{"loc":{"start":{"line":59,"column":4},"end":{"line":63,"column":5}},"type":"if","locations":[{"start":{"line":59,"column":4},"end":{"line":63,"column":5}},{"start":{},"end":{}}],"line":59},"3":{"loc":{"start":{"line":68,"column":4},"end":{"line":80,"column":5}},"type":"if","locations":[{"start":{"line":68,"column":4},"end":{"line":80,"column":5}},{"start":{"line":75,"column":11},"end":{"line":80,"column":5}}],"line":68}},"s":{"0":1,"1":1,"2":1,"3":1,"4":1,"5":1,"6":1,"7":0,"8":1,"9":0,"10":0,"11":0,"12":0,"13":0,"14":0,"15":0,"16":0,"17":0,"18":0,"19":1,"20":0,"21":0,"22":0,"23":0,"24":0,"25":0,"26":0,"27":0,"28":0,"29":0,"30":0,"31":0,"32":0,"33":0,"34":0,"35":0,"36":0,"37":0,"38":1},"f":{"0":0,"1":0,"2":0},"b":{"0":[0,0],"1":[0,0],"2":[0,0],"3":[0,0]},"_coverageSchema":"1a1c01bbd47fc00a2c39e90264f33305004495a9","hash":"8df12a3470b7202488853aa3cbf44e17515c4835"}
,"C:\\Users\\37060\\Documents\\GitHub\\saltibarsciai\\testo-mokykla\\backend\\routes\\category.js": {"path":"C:\\Users\\37060\\Documents\\GitHub\\saltibarsciai\\testo-mokykla\\backend\\routes\\category.js","statementMap":{"0":{"start":{"line":1,"column":16},"end":{"line":1,"column":34}},"1":{"start":{"line":2,"column":15},"end":{"line":2,"column":31}},"2":{"start":{"line":3,"column":12},"end":{"line":3,"column":35}},"3":{"start":{"line":4,"column":15},"end":{"line":4,"column":35}},"4":{"start":{"line":5,"column":27},"end":{"line":5,"column":47}},"5":{"start":{"line":8,"column":0},"end":{"line":35,"column":3}},"6":{"start":{"line":9,"column":2},"end":{"line":34,"column":3}},"7":{"start":{"line":10,"column":23},"end":{"line":10,"column":32}},"8":{"start":{"line":13,"column":4},"end":{"line":29,"column":5}},"9":{"start":{"line":15,"column":6},"end":{"line":22,"column":9}},"10":{"start":{"line":25,"column":6},"end":{"line":28,"column":9}},"11":{"start":{"line":30,"column":4},"end":{"line":30,"column":37}},"12":{"start":{"line":32,"column":4},"end":{"line":32,"column":56}},"13":{"start":{"line":33,"column":4},"end":{"line":33,"column":62}},"14":{"start":{"line":38,"column":0},"end":{"line":47,"column":3}},"15":{"start":{"line":39,"column":2},"end":{"line":46,"column":3}},"16":{"start":{"line":41,"column":23},"end":{"line":41,"column":47}},"17":{"start":{"line":42,"column":4},"end":{"line":42,"column":37}},"18":{"start":{"line":44,"column":4},"end":{"line":44,"column":56}},"19":{"start":{"line":45,"column":4},"end":{"line":45,"column":62}},"20":{"start":{"line":50,"column":0},"end":{"line":62,"column":3}},"21":{"start":{"line":51,"column":2},"end":{"line":61,"column":3}},"22":{"start":{"line":52,"column":23},"end":{"line":52,"column":36}},"23":{"start":{"line":54,"column":31},"end":{"line":56,"column":6}},"24":{"start":{"line":57,"column":4},"end":{"line":57,"column":45}},"25":{"start":{"line":59,"column":4},"end":{"line":59,"column":65}},"26":{"start":{"line":60,"column":4},"end":{"line":60,"column":62}},"27":{"start":{"line":65,"column":0},"end":{"line":101,"column":3}},"28":{"start":{"line":66,"column":2},"end":{"line":100,"column":3}},"29":{"start":{"line":67,"column":45},"end":{"line":67,"column":53}},"30":{"start":{"line":69,"column":18},"end":{"line":69,"column":57}},"31":{"start":{"line":71,"column":4},"end":{"line":80,"column":5}},"32":{"start":{"line":72,"column":6},"end":{"line":72,"column":58}},"33":{"start":{"line":74,"column":6},"end":{"line":76,"column":8}},"34":{"start":{"line":77,"column":6},"end":{"line":79,"column":70}},"35":{"start":{"line":82,"column":17},"end":{"line":82,"column":78}},"36":{"start":{"line":83,"column":4},"end":{"line":85,"column":5}},"37":{"start":{"line":84,"column":6},"end":{"line":84,"column":68}},"38":{"start":{"line":87,"column":4},"end":{"line":87,"column":78}},"39":{"start":{"line":89,"column":21},"end":{"line":94,"column":6}},"40":{"start":{"line":96,"column":4},"end":{"line":96,"column":54}},"41":{"start":{"line":98,"column":4},"end":{"line":98,"column":55}},"42":{"start":{"line":99,"column":4},"end":{"line":99,"column":78}},"43":{"start":{"line":104,"column":0},"end":{"line":118,"column":3}},"44":{"start":{"line":105,"column":2},"end":{"line":117,"column":3}},"45":{"start":{"line":107,"column":21},"end":{"line":109,"column":6}},"46":{"start":{"line":110,"column":4},"end":{"line":112,"column":5}},"47":{"start":{"line":111,"column":6},"end":{"line":111,"column":67}},"48":{"start":{"line":113,"column":4},"end":{"line":113,"column":35}},"49":{"start":{"line":115,"column":4},"end":{"line":115,"column":55}},"50":{"start":{"line":116,"column":4},"end":{"line":116,"column":62}},"51":{"start":{"line":120,"column":0},"end":{"line":120,"column":24}}},"fnMap":{"0":{"name":"(anonymous_0)","decl":{"start":{"line":8,"column":22},"end":{"line":8,"column":23}},"loc":{"start":{"line":8,"column":42},"end":{"line":35,"column":1}},"line":8},"1":{"name":"(anonymous_1)","decl":{"start":{"line":38,"column":19},"end":{"line":38,"column":20}},"loc":{"start":{"line":38,"column":39},"end":{"line":47,"column":1}},"line":38},"2":{"name":"(anonymous_2)","decl":{"start":{"line":50,"column":28},"end":{"line":50,"column":29}},"loc":{"start":{"line":50,"column":48},"end":{"line":62,"column":1}},"line":50},"3":{"name":"(anonymous_3)","decl":{"start":{"line":65,"column":23},"end":{"line":65,"column":24}},"loc":{"start":{"line":65,"column":43},"end":{"line":101,"column":1}},"line":65},"4":{"name":"(anonymous_4)","decl":{"start":{"line":104,"column":19},"end":{"line":104,"column":20}},"loc":{"start":{"line":104,"column":39},"end":{"line":118,"column":1}},"line":104}},"branchMap":{"0":{"loc":{"start":{"line":13,"column":4},"end":{"line":29,"column":5}},"type":"if","locations":[{"start":{"line":13,"column":4},"end":{"line":29,"column":5}},{"start":{"line":23,"column":11},"end":{"line":29,"column":5}}],"line":13},"1":{"loc":{"start":{"line":83,"column":4},"end":{"line":85,"column":5}},"type":"if","locations":[{"start":{"line":83,"column":4},"end":{"line":85,"column":5}},{"start":{},"end":{}}],"line":83},"2":{"loc":{"start":{"line":93,"column":16},"end":{"line":93,"column":32}},"type":"binary-expr","locations":[{"start":{"line":93,"column":16},"end":{"line":93,"column":24}},{"start":{"line":93,"column":28},"end":{"line":93,"column":32}}],"line":93},"3":{"loc":{"start":{"line":110,"column":4},"end":{"line":112,"column":5}},"type":"if","locations":[{"start":{"line":110,"column":4},"end":{"line":112,"column":5}},{"start":{},"end":{}}],"line":110}},"s":{"0":1,"1":1,"2":1,"3":1,"4":1,"5":1,"6":2,"7":2,"8":2,"9":1,"10":1,"11":1,"12":1,"13":1,"14":1,"15":1,"16":1,"17":1,"18":0,"19":0,"20":1,"21":0,"22":0,"23":0,"24":0,"25":0,"26":0,"27":1,"28":1,"29":1,"30":0,"31":0,"32":0,"33":0,"34":0,"35":0,"36":0,"37":0,"38":0,"39":0,"40":0,"41":1,"42":1,"43":1,"44":0,"45":0,"46":0,"47":0,"48":0,"49":0,"50":0,"51":1},"f":{"0":2,"1":1,"2":0,"3":1,"4":0},"b":{"0":[1,1],"1":[0,0],"2":[0,0],"3":[0,0]},"_coverageSchema":"1a1c01bbd47fc00a2c39e90264f33305004495a9","hash":"2ef0616ee23398851d8b9caac9e36948f2390533"}
}
