TN:
SF:models\Answers.js
FN:1,(anonymous_0)
FN:21,(anonymous_1)
FNF:2
FNH:2
FNDA:1,(anonymous_0)
FNDA:1,(anonymous_1)
DA:1,1
DA:2,1
DA:21,1
DA:22,1
DA:25,1
LF:5
LH:5
BRF:0
BRH:0
end_of_record
TN:
SF:models\Categories.js
FN:1,(anonymous_0)
FN:30,(anonymous_1)
FNF:2
FNH:2
FNDA:1,(anonymous_0)
FNDA:1,(anonymous_1)
DA:1,1
DA:2,1
DA:30,1
DA:31,1
DA:32,1
DA:34,1
DA:38,1
DA:44,1
LF:8
LH:8
BRF:0
BRH:0
end_of_record
TN:
SF:models\Grades.js
FN:1,(anonymous_0)
FN:22,(anonymous_1)
FNF:2
FNH:2
FNDA:1,(anonymous_0)
FNDA:1,(anonymous_1)
DA:1,1
DA:2,1
DA:22,1
DA:23,1
DA:24,1
DA:27,1
LF:6
LH:6
BRF:0
BRH:0
end_of_record
TN:
SF:models\Groups.js
FN:3,(anonymous_0)
FN:24,(anonymous_1)
FN:33,(anonymous_2)
FNF:3
FNH:2
FNDA:1,(anonymous_0)
FNDA:1,(anonymous_1)
FNDA:0,(anonymous_2)
DA:1,1
DA:3,1
DA:4,1
DA:24,1
DA:25,1
DA:26,1
DA:33,1
DA:34,0
DA:37,1
LF:9
LH:8
BRF:0
BRH:0
end_of_record
TN:
SF:models\Questions.js
FN:1,(anonymous_0)
FN:18,(anonymous_1)
FNF:2
FNH:2
FNDA:1,(anonymous_0)
FNDA:1,(anonymous_1)
DA:1,1
DA:2,1
DA:18,1
DA:19,1
DA:20,1
DA:23,1
LF:6
LH:6
BRF:0
BRH:0
end_of_record
TN:
SF:models\Quizes.js
FN:1,(anonymous_0)
FN:18,(anonymous_1)
FNF:2
FNH:2
FNDA:1,(anonymous_0)
FNDA:1,(anonymous_1)
DA:1,1
DA:2,1
DA:18,1
DA:19,1
DA:20,1
DA:23,1
LF:6
LH:6
BRF:0
BRH:0
end_of_record
TN:
SF:models\Session.js
FN:1,(anonymous_0)
FN:36,(anonymous_1)
FNF:2
FNH:2
FNDA:1,(anonymous_0)
FNDA:1,(anonymous_1)
DA:1,1
DA:2,1
DA:36,1
DA:37,1
DA:40,1
LF:5
LH:5
BRF:0
BRH:0
end_of_record
TN:
SF:models\UserQuiz.js
FN:1,(anonymous_0)
FN:18,(anonymous_1)
FNF:2
FNH:2
FNDA:1,(anonymous_0)
FNDA:1,(anonymous_1)
DA:1,1
DA:2,1
DA:18,1
DA:19,1
DA:20,1
DA:23,1
LF:6
LH:6
BRF:0
BRH:0
end_of_record
TN:
SF:models\Users.js
FN:1,(anonymous_0)
FN:41,(anonymous_1)
FNF:2
FNH:2
FNDA:1,(anonymous_0)
FNDA:1,(anonymous_1)
DA:1,1
DA:2,1
DA:41,1
DA:42,1
DA:43,1
DA:47,1
DA:51,1
DA:55,1
DA:61,1
LF:9
LH:9
BRF:0
BRH:0
end_of_record
TN:
SF:models\index.js
FN:21,(anonymous_0)
FN:29,(anonymous_1)
FN:34,(anonymous_2)
FNF:3
FNH:3
FNDA:10,(anonymous_0)
FNDA:9,(anonymous_1)
FNDA:9,(anonymous_2)
DA:3,1
DA:4,1
DA:5,1
DA:6,1
DA:7,1
DA:8,1
DA:9,1
DA:10,1
DA:13,1
DA:14,0
DA:16,1
DA:19,1
DA:22,10
DA:30,9
DA:31,9
DA:34,1
DA:35,9
DA:36,9
DA:40,1
DA:41,1
DA:43,1
LF:21
LH:20
BRDA:8,0,0,1
BRDA:8,0,1,0
BRDA:13,1,0,0
BRDA:13,1,1,1
BRDA:23,2,0,10
BRDA:23,2,1,10
BRDA:23,2,2,9
BRDA:23,2,3,9
BRDA:35,3,0,9
BRDA:35,3,1,0
BRF:10
BRH:7
end_of_record
TN:
SF:routes\category.js
FN:8,(anonymous_0)
FN:38,(anonymous_1)
FN:50,(anonymous_2)
FN:65,(anonymous_3)
FN:104,(anonymous_4)
FNF:5
FNH:3
FNDA:2,(anonymous_0)
FNDA:1,(anonymous_1)
FNDA:0,(anonymous_2)
FNDA:1,(anonymous_3)
FNDA:0,(anonymous_4)
DA:1,1
DA:2,1
DA:3,1
DA:4,1
DA:5,1
DA:8,1
DA:9,2
DA:10,2
DA:13,2
DA:15,1
DA:25,1
DA:30,1
DA:32,1
DA:33,1
DA:38,1
DA:39,1
DA:41,1
DA:42,1
DA:44,0
DA:45,0
DA:50,1
DA:51,0
DA:52,0
DA:54,0
DA:57,0
DA:59,0
DA:60,0
DA:65,1
DA:66,1
DA:67,1
DA:69,0
DA:71,0
DA:72,0
DA:74,0
DA:77,0
DA:82,0
DA:83,0
DA:84,0
DA:87,0
DA:89,0
DA:96,0
DA:98,1
DA:99,1
DA:104,1
DA:105,0
DA:107,0
DA:110,0
DA:111,0
DA:113,0
DA:115,0
DA:116,0
DA:120,1
LF:52
LH:26
BRDA:13,0,0,1
BRDA:13,0,1,1
BRDA:83,1,0,0
BRDA:83,1,1,0
BRDA:93,2,0,0
BRDA:93,2,1,0
BRDA:110,3,0,0
BRDA:110,3,1,0
BRF:8
BRH:2
end_of_record
